<?xml version="1.0" encoding="UTF-8"?>
<!-- Generated by org.testng.reporters.JUnitReportReporter -->
<testsuite hostname="Iliyan" name="test.Tests" tests="1" failures="0" timestamp="22 Nov 2016 08:37:14 GMT" time="72.824" errors="0">
  <testcase name="clicks" time="72.824" classname="test.Tests"/>
</testsuite> <!-- test.Tests -->
