<?xml version="1.0" encoding="UTF-8"?>
<!-- Generated by org.testng.reporters.JUnitReportReporter -->
<testsuite hostname="Iliyan" name="Tests" tests="1" failures="0" timestamp="1 Sep 2016 13:43:50 GMT" time="8.215" errors="0">
  <testcase name="userLogsInSuccessfully" time="8.215" classname="Tests"/>
</testsuite> <!-- Tests -->
